Determining if the __GLIBC__ exist failed with the following output:
Change Dir: /Users/jonathanporan/Documents/GitHub/MTA/Third Year/BAGEL_Football/cmake-build-debug/CMakeFiles/CMakeScratch/TryCompile-PPke45

Run Build Command(s):/usr/bin/make -f Makefile cmTC_d0d95/fast && /Applications/Xcode.app/Contents/Developer/usr/bin/make  -f CMakeFiles/cmTC_d0d95.dir/build.make CMakeFiles/cmTC_d0d95.dir/build
Building C object CMakeFiles/cmTC_d0d95.dir/CheckSymbolExists.c.o
/Applications/Xcode.app/Contents/Developer/Toolchains/XcodeDefault.xctoolchain/usr/bin/cc   -D_GNU_SOURCE=1 -arch arm64 -isysroot /Applications/Xcode.app/Contents/Developer/Platforms/MacOSX.platform/Developer/SDKs/MacOSX15.5.sdk -fcolor-diagnostics -MD -MT CMakeFiles/cmTC_d0d95.dir/CheckSymbolExists.c.o -MF CMakeFiles/cmTC_d0d95.dir/CheckSymbolExists.c.o.d -o CMakeFiles/cmTC_d0d95.dir/CheckSymbolExists.c.o -c "/Users/jonathanporan/Documents/GitHub/MTA/Third Year/BAGEL_Football/cmake-build-debug/CMakeFiles/CMakeScratch/TryCompile-PPke45/CheckSymbolExists.c"
[1m/Users/jonathanporan/Documents/GitHub/MTA/Third Year/BAGEL_Football/cmake-build-debug/CMakeFiles/CMakeScratch/TryCompile-PPke45/CheckSymbolExists.c:8:19: [0m[0;1;31merror: [0m[1muse of undeclared identifier '__GLIBC__'[0m
    8 |   [0;34mreturn[0m (([0;34mint[0m*)(&__GLIBC__))[argc];[0m
      | [0;1;32m                  ^
[0m1 error generated.
make[1]: *** [CMakeFiles/cmTC_d0d95.dir/CheckSymbolExists.c.o] Error 1
make: *** [cmTC_d0d95/fast] Error 2


File CheckSymbolExists.c:
/* */
#include <stdlib.h>

int main(int argc, char** argv)
{
  (void)argv;
#ifndef __GLIBC__
  return ((int*)(&__GLIBC__))[argc];
#else
  (void)argc;
  return 0;
#endif
}

Performing C SOURCE FILE Test LINKER_SUPPORTS_VERSION_SCRIPT failed with the following output:
Change Dir: /Users/jonathanporan/Documents/GitHub/MTA/Third Year/BAGEL_Football/cmake-build-debug/CMakeFiles/CMakeScratch/TryCompile-uyrjVz

Run Build Command(s):/usr/bin/make -f Makefile cmTC_5d8fd/fast && /Applications/Xcode.app/Contents/Developer/usr/bin/make  -f CMakeFiles/cmTC_5d8fd.dir/build.make CMakeFiles/cmTC_5d8fd.dir/build
Building C object CMakeFiles/cmTC_5d8fd.dir/src.c.o
/Applications/Xcode.app/Contents/Developer/Toolchains/XcodeDefault.xctoolchain/usr/bin/cc -DLINKER_SUPPORTS_VERSION_SCRIPT  -arch arm64 -isysroot /Applications/Xcode.app/Contents/Developer/Platforms/MacOSX.platform/Developer/SDKs/MacOSX15.5.sdk -fcolor-diagnostics -MD -MT CMakeFiles/cmTC_5d8fd.dir/src.c.o -MF CMakeFiles/cmTC_5d8fd.dir/src.c.o.d -o CMakeFiles/cmTC_5d8fd.dir/src.c.o -c "/Users/jonathanporan/Documents/GitHub/MTA/Third Year/BAGEL_Football/cmake-build-debug/CMakeFiles/CMakeScratch/TryCompile-uyrjVz/src.c"
Linking C executable cmTC_5d8fd
/Applications/CLion.app/Contents/bin/cmake/mac/bin/cmake -E cmake_link_script CMakeFiles/cmTC_5d8fd.dir/link.txt --verbose=1
/Applications/Xcode.app/Contents/Developer/Toolchains/XcodeDefault.xctoolchain/usr/bin/cc  -arch arm64 -isysroot /Applications/Xcode.app/Contents/Developer/Platforms/MacOSX.platform/Developer/SDKs/MacOSX15.5.sdk -Wl,-search_paths_first -Wl,-headerpad_max_install_names "-Wl,--version-script=/Users/jonathanporan/Documents/GitHub/MTA/Third Year/BAGEL_Football/cmake-build-debug/lib/SDL/CMakeFiles/dummy.sym" CMakeFiles/cmTC_5d8fd.dir/src.c.o -o cmTC_5d8fd 
ld: unknown options: --version-script=/Users/jonathanporan/Documents/GitHub/MTA/Third Year/BAGEL_Football/cmake-build-debug/lib/SDL/CMakeFiles/dummy.sym 
cc: error: linker command failed with exit code 1 (use -v to see invocation)
make[1]: *** [cmTC_5d8fd] Error 1
make: *** [cmTC_5d8fd/fast] Error 2


Source file was:
int func(void) {return 0;} int main(int argc,char*argv[]){(void)argc;(void)argv;return func();}

Determining if the include file malloc.h exists failed with the following output:
Change Dir: /Users/jonathanporan/Documents/GitHub/MTA/Third Year/BAGEL_Football/cmake-build-debug/CMakeFiles/CMakeScratch/TryCompile-vYVrhx

Run Build Command(s):/usr/bin/make -f Makefile cmTC_4a714/fast && /Applications/Xcode.app/Contents/Developer/usr/bin/make  -f CMakeFiles/cmTC_4a714.dir/build.make CMakeFiles/cmTC_4a714.dir/build
Building C object CMakeFiles/cmTC_4a714.dir/CheckIncludeFile.c.o
/Applications/Xcode.app/Contents/Developer/Toolchains/XcodeDefault.xctoolchain/usr/bin/cc   -D_GNU_SOURCE=1 -arch arm64 -isysroot /Applications/Xcode.app/Contents/Developer/Platforms/MacOSX.platform/Developer/SDKs/MacOSX15.5.sdk -fcolor-diagnostics -MD -MT CMakeFiles/cmTC_4a714.dir/CheckIncludeFile.c.o -MF CMakeFiles/cmTC_4a714.dir/CheckIncludeFile.c.o.d -o CMakeFiles/cmTC_4a714.dir/CheckIncludeFile.c.o -c "/Users/jonathanporan/Documents/GitHub/MTA/Third Year/BAGEL_Football/cmake-build-debug/CMakeFiles/CMakeScratch/TryCompile-vYVrhx/CheckIncludeFile.c"
[1m/Users/jonathanporan/Documents/GitHub/MTA/Third Year/BAGEL_Football/cmake-build-debug/CMakeFiles/CMakeScratch/TryCompile-vYVrhx/CheckIncludeFile.c:1:10: [0m[0;1;31mfatal error: [0m[1m'malloc.h' file not found[0m
    1 | #include <malloc.h>[0m
      | [0;1;32m         ^~~~~~~~~~
[0m1 error generated.
make[1]: *** [CMakeFiles/cmTC_4a714.dir/CheckIncludeFile.c.o] Error 1
make: *** [cmTC_4a714/fast] Error 2



Determining if the fopen64 exist failed with the following output:
Change Dir: /Users/jonathanporan/Documents/GitHub/MTA/Third Year/BAGEL_Football/cmake-build-debug/CMakeFiles/CMakeScratch/TryCompile-j2l31s

Run Build Command(s):/usr/bin/make -f Makefile cmTC_39396/fast && /Applications/Xcode.app/Contents/Developer/usr/bin/make  -f CMakeFiles/cmTC_39396.dir/build.make CMakeFiles/cmTC_39396.dir/build
Building C object CMakeFiles/cmTC_39396.dir/CheckSymbolExists.c.o
/Applications/Xcode.app/Contents/Developer/Toolchains/XcodeDefault.xctoolchain/usr/bin/cc   -D_GNU_SOURCE=1 -arch arm64 -isysroot /Applications/Xcode.app/Contents/Developer/Platforms/MacOSX.platform/Developer/SDKs/MacOSX15.5.sdk -fcolor-diagnostics -MD -MT CMakeFiles/cmTC_39396.dir/CheckSymbolExists.c.o -MF CMakeFiles/cmTC_39396.dir/CheckSymbolExists.c.o.d -o CMakeFiles/cmTC_39396.dir/CheckSymbolExists.c.o -c "/Users/jonathanporan/Documents/GitHub/MTA/Third Year/BAGEL_Football/cmake-build-debug/CMakeFiles/CMakeScratch/TryCompile-j2l31s/CheckSymbolExists.c"
[1m/Users/jonathanporan/Documents/GitHub/MTA/Third Year/BAGEL_Football/cmake-build-debug/CMakeFiles/CMakeScratch/TryCompile-j2l31s/CheckSymbolExists.c:25:19: [0m[0;1;31merror: [0m[1muse of undeclared identifier 'fopen64'; did you mean 'fopen'?[0m
   25 |   [0;34mreturn[0m (([0;34mint[0m*)(&fopen64))[argc];[0m
      | [0;1;32m                  ^~~~~~~
[0m      | [0;32m                  fopen
[0m[1m/Applications/Xcode.app/Contents/Developer/Platforms/MacOSX.platform/Developer/SDKs/MacOSX15.5.sdk/usr/include/_stdio.h:243:7: [0m[0;1;36mnote: [0m'fopen' declared here[0m
  243 | FILE    *fopen([0;34mconst[0m [0;34mchar[0m * [0;34m__restrict[0m __filename, [0;34mconst[0m [0;34mchar[0m * [0;34m__restrict[0m __mode) __DARWIN_ALIAS_STARTING(__MAC_10_6, __IPHONE_2_0, __DARWIN_ALIAS(fopen));[0m
      | [0;1;32m         ^
[0m1 error generated.
make[1]: *** [CMakeFiles/cmTC_39396.dir/CheckSymbolExists.c.o] Error 1
make: *** [cmTC_39396/fast] Error 2


File CheckSymbolExists.c:
/* */
#include <float.h>
#include <iconv.h>
#include <inttypes.h>
#include <limits.h>
#include <math.h>
#include <memory.h>
#include <signal.h>
#include <stdarg.h>
#include <stdbool.h>
#include <stddef.h>
#include <stdint.h>
#include <stdio.h>
#include <stdlib.h>
#include <string.h>
#include <strings.h>
#include <sys/types.h>
#include <time.h>
#include <wchar.h>

int main(int argc, char** argv)
{
  (void)argv;
#ifndef fopen64
  return ((int*)(&fopen64))[argc];
#else
  (void)argc;
  return 0;
#endif
}

Determining if the fseeko64 exist failed with the following output:
Change Dir: /Users/jonathanporan/Documents/GitHub/MTA/Third Year/BAGEL_Football/cmake-build-debug/CMakeFiles/CMakeScratch/TryCompile-nAkhUB

Run Build Command(s):/usr/bin/make -f Makefile cmTC_d85f9/fast && /Applications/Xcode.app/Contents/Developer/usr/bin/make  -f CMakeFiles/cmTC_d85f9.dir/build.make CMakeFiles/cmTC_d85f9.dir/build
Building C object CMakeFiles/cmTC_d85f9.dir/CheckSymbolExists.c.o
/Applications/Xcode.app/Contents/Developer/Toolchains/XcodeDefault.xctoolchain/usr/bin/cc   -D_GNU_SOURCE=1 -arch arm64 -isysroot /Applications/Xcode.app/Contents/Developer/Platforms/MacOSX.platform/Developer/SDKs/MacOSX15.5.sdk -fcolor-diagnostics -MD -MT CMakeFiles/cmTC_d85f9.dir/CheckSymbolExists.c.o -MF CMakeFiles/cmTC_d85f9.dir/CheckSymbolExists.c.o.d -o CMakeFiles/cmTC_d85f9.dir/CheckSymbolExists.c.o -c "/Users/jonathanporan/Documents/GitHub/MTA/Third Year/BAGEL_Football/cmake-build-debug/CMakeFiles/CMakeScratch/TryCompile-nAkhUB/CheckSymbolExists.c"
[1m/Users/jonathanporan/Documents/GitHub/MTA/Third Year/BAGEL_Football/cmake-build-debug/CMakeFiles/CMakeScratch/TryCompile-nAkhUB/CheckSymbolExists.c:25:19: [0m[0;1;31merror: [0m[1muse of undeclared identifier 'fseeko64'; did you mean 'fseeko'?[0m
   25 |   [0;34mreturn[0m (([0;34mint[0m*)(&fseeko64))[argc];[0m
      | [0;1;32m                  ^~~~~~~~
[0m      | [0;32m                  fseeko
[0m[1m/Applications/Xcode.app/Contents/Developer/Platforms/MacOSX.platform/Developer/SDKs/MacOSX15.5.sdk/usr/include/_stdio.h:428:6: [0m[0;1;36mnote: [0m'fseeko' declared here[0m
  428 | [0;34mint[0m      fseeko(FILE * __stream, off_t __offset, [0;34mint[0m __whence);[0m
      | [0;1;32m         ^
[0m1 error generated.
make[1]: *** [CMakeFiles/cmTC_d85f9.dir/CheckSymbolExists.c.o] Error 1
make: *** [cmTC_d85f9/fast] Error 2


File CheckSymbolExists.c:
/* */
#include <float.h>
#include <iconv.h>
#include <inttypes.h>
#include <limits.h>
#include <math.h>
#include <memory.h>
#include <signal.h>
#include <stdarg.h>
#include <stdbool.h>
#include <stddef.h>
#include <stdint.h>
#include <stdio.h>
#include <stdlib.h>
#include <string.h>
#include <strings.h>
#include <sys/types.h>
#include <time.h>
#include <wchar.h>

int main(int argc, char** argv)
{
  (void)argv;
#ifndef fseeko64
  return ((int*)(&fseeko64))[argc];
#else
  (void)argc;
  return 0;
#endif
}

Determining if the _i64toa exist failed with the following output:
Change Dir: /Users/jonathanporan/Documents/GitHub/MTA/Third Year/BAGEL_Football/cmake-build-debug/CMakeFiles/CMakeScratch/TryCompile-LEn9DO

Run Build Command(s):/usr/bin/make -f Makefile cmTC_ae35b/fast && /Applications/Xcode.app/Contents/Developer/usr/bin/make  -f CMakeFiles/cmTC_ae35b.dir/build.make CMakeFiles/cmTC_ae35b.dir/build
Building C object CMakeFiles/cmTC_ae35b.dir/CheckSymbolExists.c.o
/Applications/Xcode.app/Contents/Developer/Toolchains/XcodeDefault.xctoolchain/usr/bin/cc   -D_GNU_SOURCE=1 -arch arm64 -isysroot /Applications/Xcode.app/Contents/Developer/Platforms/MacOSX.platform/Developer/SDKs/MacOSX15.5.sdk -fcolor-diagnostics -MD -MT CMakeFiles/cmTC_ae35b.dir/CheckSymbolExists.c.o -MF CMakeFiles/cmTC_ae35b.dir/CheckSymbolExists.c.o.d -o CMakeFiles/cmTC_ae35b.dir/CheckSymbolExists.c.o -c "/Users/jonathanporan/Documents/GitHub/MTA/Third Year/BAGEL_Football/cmake-build-debug/CMakeFiles/CMakeScratch/TryCompile-LEn9DO/CheckSymbolExists.c"
[1m/Users/jonathanporan/Documents/GitHub/MTA/Third Year/BAGEL_Football/cmake-build-debug/CMakeFiles/CMakeScratch/TryCompile-LEn9DO/CheckSymbolExists.c:25:19: [0m[0;1;31merror: [0m[1muse of undeclared identifier '_i64toa'[0m
   25 |   [0;34mreturn[0m (([0;34mint[0m*)(&_i64toa))[argc];[0m
      | [0;1;32m                  ^
[0m1 error generated.
make[1]: *** [CMakeFiles/cmTC_ae35b.dir/CheckSymbolExists.c.o] Error 1
make: *** [cmTC_ae35b/fast] Error 2


File CheckSymbolExists.c:
/* */
#include <float.h>
#include <iconv.h>
#include <inttypes.h>
#include <limits.h>
#include <math.h>
#include <memory.h>
#include <signal.h>
#include <stdarg.h>
#include <stdbool.h>
#include <stddef.h>
#include <stdint.h>
#include <stdio.h>
#include <stdlib.h>
#include <string.h>
#include <strings.h>
#include <sys/types.h>
#include <time.h>
#include <wchar.h>

int main(int argc, char** argv)
{
  (void)argv;
#ifndef _i64toa
  return ((int*)(&_i64toa))[argc];
#else
  (void)argc;
  return 0;
#endif
}

Determining if the itoa exist failed with the following output:
Change Dir: /Users/jonathanporan/Documents/GitHub/MTA/Third Year/BAGEL_Football/cmake-build-debug/CMakeFiles/CMakeScratch/TryCompile-UGGwZq

Run Build Command(s):/usr/bin/make -f Makefile cmTC_f8e1e/fast && /Applications/Xcode.app/Contents/Developer/usr/bin/make  -f CMakeFiles/cmTC_f8e1e.dir/build.make CMakeFiles/cmTC_f8e1e.dir/build
Building C object CMakeFiles/cmTC_f8e1e.dir/CheckSymbolExists.c.o
/Applications/Xcode.app/Contents/Developer/Toolchains/XcodeDefault.xctoolchain/usr/bin/cc   -D_GNU_SOURCE=1 -arch arm64 -isysroot /Applications/Xcode.app/Contents/Developer/Platforms/MacOSX.platform/Developer/SDKs/MacOSX15.5.sdk -fcolor-diagnostics -MD -MT CMakeFiles/cmTC_f8e1e.dir/CheckSymbolExists.c.o -MF CMakeFiles/cmTC_f8e1e.dir/CheckSymbolExists.c.o.d -o CMakeFiles/cmTC_f8e1e.dir/CheckSymbolExists.c.o -c "/Users/jonathanporan/Documents/GitHub/MTA/Third Year/BAGEL_Football/cmake-build-debug/CMakeFiles/CMakeScratch/TryCompile-UGGwZq/CheckSymbolExists.c"
[1m/Users/jonathanporan/Documents/GitHub/MTA/Third Year/BAGEL_Football/cmake-build-debug/CMakeFiles/CMakeScratch/TryCompile-UGGwZq/CheckSymbolExists.c:25:19: [0m[0;1;31merror: [0m[1muse of undeclared identifier 'itoa'[0m
   25 |   [0;34mreturn[0m (([0;34mint[0m*)(&itoa))[argc];[0m
      | [0;1;32m                  ^
[0m1 error generated.
make[1]: *** [CMakeFiles/cmTC_f8e1e.dir/CheckSymbolExists.c.o] Error 1
make: *** [cmTC_f8e1e/fast] Error 2


File CheckSymbolExists.c:
/* */
#include <float.h>
#include <iconv.h>
#include <inttypes.h>
#include <limits.h>
#include <math.h>
#include <memory.h>
#include <signal.h>
#include <stdarg.h>
#include <stdbool.h>
#include <stddef.h>
#include <stdint.h>
#include <stdio.h>
#include <stdlib.h>
#include <string.h>
#include <strings.h>
#include <sys/types.h>
#include <time.h>
#include <wchar.h>

int main(int argc, char** argv)
{
  (void)argv;
#ifndef itoa
  return ((int*)(&itoa))[argc];
#else
  (void)argc;
  return 0;
#endif
}

Determining if the _ltoa exist failed with the following output:
Change Dir: /Users/jonathanporan/Documents/GitHub/MTA/Third Year/BAGEL_Football/cmake-build-debug/CMakeFiles/CMakeScratch/TryCompile-HrlyL6

Run Build Command(s):/usr/bin/make -f Makefile cmTC_7c4df/fast && /Applications/Xcode.app/Contents/Developer/usr/bin/make  -f CMakeFiles/cmTC_7c4df.dir/build.make CMakeFiles/cmTC_7c4df.dir/build
Building C object CMakeFiles/cmTC_7c4df.dir/CheckSymbolExists.c.o
/Applications/Xcode.app/Contents/Developer/Toolchains/XcodeDefault.xctoolchain/usr/bin/cc   -D_GNU_SOURCE=1 -arch arm64 -isysroot /Applications/Xcode.app/Contents/Developer/Platforms/MacOSX.platform/Developer/SDKs/MacOSX15.5.sdk -fcolor-diagnostics -MD -MT CMakeFiles/cmTC_7c4df.dir/CheckSymbolExists.c.o -MF CMakeFiles/cmTC_7c4df.dir/CheckSymbolExists.c.o.d -o CMakeFiles/cmTC_7c4df.dir/CheckSymbolExists.c.o -c "/Users/jonathanporan/Documents/GitHub/MTA/Third Year/BAGEL_Football/cmake-build-debug/CMakeFiles/CMakeScratch/TryCompile-HrlyL6/CheckSymbolExists.c"
[1m/Users/jonathanporan/Documents/GitHub/MTA/Third Year/BAGEL_Football/cmake-build-debug/CMakeFiles/CMakeScratch/TryCompile-HrlyL6/CheckSymbolExists.c:25:19: [0m[0;1;31merror: [0m[1muse of undeclared identifier '_ltoa'[0m
   25 |   [0;34mreturn[0m (([0;34mint[0m*)(&_ltoa))[argc];[0m
      | [0;1;32m                  ^
[0m1 error generated.
make[1]: *** [CMakeFiles/cmTC_7c4df.dir/CheckSymbolExists.c.o] Error 1
make: *** [cmTC_7c4df/fast] Error 2


File CheckSymbolExists.c:
/* */
#include <float.h>
#include <iconv.h>
#include <inttypes.h>
#include <limits.h>
#include <math.h>
#include <memory.h>
#include <signal.h>
#include <stdarg.h>
#include <stdbool.h>
#include <stddef.h>
#include <stdint.h>
#include <stdio.h>
#include <stdlib.h>
#include <string.h>
#include <strings.h>
#include <sys/types.h>
#include <time.h>
#include <wchar.h>

int main(int argc, char** argv)
{
  (void)argv;
#ifndef _ltoa
  return ((int*)(&_ltoa))[argc];
#else
  (void)argc;
  return 0;
#endif
}

Determining if the sqr exist failed with the following output:
Change Dir: /Users/jonathanporan/Documents/GitHub/MTA/Third Year/BAGEL_Football/cmake-build-debug/CMakeFiles/CMakeScratch/TryCompile-Rqmugg

Run Build Command(s):/usr/bin/make -f Makefile cmTC_aaefc/fast && /Applications/Xcode.app/Contents/Developer/usr/bin/make  -f CMakeFiles/cmTC_aaefc.dir/build.make CMakeFiles/cmTC_aaefc.dir/build
Building C object CMakeFiles/cmTC_aaefc.dir/CheckSymbolExists.c.o
/Applications/Xcode.app/Contents/Developer/Toolchains/XcodeDefault.xctoolchain/usr/bin/cc   -D_GNU_SOURCE=1 -arch arm64 -isysroot /Applications/Xcode.app/Contents/Developer/Platforms/MacOSX.platform/Developer/SDKs/MacOSX15.5.sdk -fcolor-diagnostics -MD -MT CMakeFiles/cmTC_aaefc.dir/CheckSymbolExists.c.o -MF CMakeFiles/cmTC_aaefc.dir/CheckSymbolExists.c.o.d -o CMakeFiles/cmTC_aaefc.dir/CheckSymbolExists.c.o -c "/Users/jonathanporan/Documents/GitHub/MTA/Third Year/BAGEL_Football/cmake-build-debug/CMakeFiles/CMakeScratch/TryCompile-Rqmugg/CheckSymbolExists.c"
[1m/Users/jonathanporan/Documents/GitHub/MTA/Third Year/BAGEL_Football/cmake-build-debug/CMakeFiles/CMakeScratch/TryCompile-Rqmugg/CheckSymbolExists.c:25:19: [0m[0;1;31merror: [0m[1muse of undeclared identifier 'sqr'; did you mean 'sqrt'?[0m
   25 |   [0;34mreturn[0m (([0;34mint[0m*)(&sqr))[argc];[0m
      | [0;1;32m                  ^~~
[0m      | [0;32m                  sqrt
[0m[1m/Applications/Xcode.app/Contents/Developer/Platforms/MacOSX.platform/Developer/SDKs/MacOSX15.5.sdk/usr/include/math.h:439:15: [0m[0;1;36mnote: [0m'sqrt' declared here[0m
  439 | [0;34mextern[0m [0;34mdouble[0m sqrt([0;34mdouble[0m);[0m
      | [0;1;32m              ^
[0m1 error generated.
make[1]: *** [CMakeFiles/cmTC_aaefc.dir/CheckSymbolExists.c.o] Error 1
make: *** [cmTC_aaefc/fast] Error 2


File CheckSymbolExists.c:
/* */
#include <float.h>
#include <iconv.h>
#include <inttypes.h>
#include <limits.h>
#include <math.h>
#include <memory.h>
#include <signal.h>
#include <stdarg.h>
#include <stdbool.h>
#include <stddef.h>
#include <stdint.h>
#include <stdio.h>
#include <stdlib.h>
#include <string.h>
#include <strings.h>
#include <sys/types.h>
#include <time.h>
#include <wchar.h>

int main(int argc, char** argv)
{
  (void)argv;
#ifndef sqr
  return ((int*)(&sqr))[argc];
#else
  (void)argc;
  return 0;
#endif
}

Performing C SOURCE FILE Test LIBC_HAS_ISINFF failed with the following output:
Change Dir: /Users/jonathanporan/Documents/GitHub/MTA/Third Year/BAGEL_Football/cmake-build-debug/CMakeFiles/CMakeScratch/TryCompile-utgdHH

Run Build Command(s):/usr/bin/make -f Makefile cmTC_19f54/fast && /Applications/Xcode.app/Contents/Developer/usr/bin/make  -f CMakeFiles/cmTC_19f54.dir/build.make CMakeFiles/cmTC_19f54.dir/build
Building C object CMakeFiles/cmTC_19f54.dir/src.c.o
/Applications/Xcode.app/Contents/Developer/Toolchains/XcodeDefault.xctoolchain/usr/bin/cc -DLIBC_HAS_ISINFF  -D_GNU_SOURCE=1 -Wfloat-conversion -Werror -arch arm64 -isysroot /Applications/Xcode.app/Contents/Developer/Platforms/MacOSX.platform/Developer/SDKs/MacOSX15.5.sdk -fcolor-diagnostics -MD -MT CMakeFiles/cmTC_19f54.dir/src.c.o -MF CMakeFiles/cmTC_19f54.dir/src.c.o.d -o CMakeFiles/cmTC_19f54.dir/src.c.o -c "/Users/jonathanporan/Documents/GitHub/MTA/Third Year/BAGEL_Football/cmake-build-debug/CMakeFiles/CMakeScratch/TryCompile-utgdHH/src.c"
[1m/Users/jonathanporan/Documents/GitHub/MTA/Third Year/BAGEL_Football/cmake-build-debug/CMakeFiles/CMakeScratch/TryCompile-utgdHH/src.c:5:16: [0m[0;1;31merror: [0m[1mcall to undeclared function 'isinff'; ISO C99 and later do not support implicit function declarations [-Wimplicit-function-declaration][0m
    5 |         [0;34mreturn[0m isinff(f);[0m
      | [0;1;32m               ^
[0m1 error generated.
make[1]: *** [CMakeFiles/cmTC_19f54.dir/src.c.o] Error 1
make: *** [cmTC_19f54/fast] Error 2


Source file was:

      #include <math.h>
      int main() {
        float f = 3.14159f;
        return isinff(f);
      }
    

Performing C SOURCE FILE Test LIBC_HAS_ISNANF failed with the following output:
Change Dir: /Users/jonathanporan/Documents/GitHub/MTA/Third Year/BAGEL_Football/cmake-build-debug/CMakeFiles/CMakeScratch/TryCompile-m1D4xW

Run Build Command(s):/usr/bin/make -f Makefile cmTC_bd201/fast && /Applications/Xcode.app/Contents/Developer/usr/bin/make  -f CMakeFiles/cmTC_bd201.dir/build.make CMakeFiles/cmTC_bd201.dir/build
Building C object CMakeFiles/cmTC_bd201.dir/src.c.o
/Applications/Xcode.app/Contents/Developer/Toolchains/XcodeDefault.xctoolchain/usr/bin/cc -DLIBC_HAS_ISNANF  -D_GNU_SOURCE=1 -Wfloat-conversion -Werror -arch arm64 -isysroot /Applications/Xcode.app/Contents/Developer/Platforms/MacOSX.platform/Developer/SDKs/MacOSX15.5.sdk -fcolor-diagnostics -MD -MT CMakeFiles/cmTC_bd201.dir/src.c.o -MF CMakeFiles/cmTC_bd201.dir/src.c.o.d -o CMakeFiles/cmTC_bd201.dir/src.c.o -c "/Users/jonathanporan/Documents/GitHub/MTA/Third Year/BAGEL_Football/cmake-build-debug/CMakeFiles/CMakeScratch/TryCompile-m1D4xW/src.c"
[1m/Users/jonathanporan/Documents/GitHub/MTA/Third Year/BAGEL_Football/cmake-build-debug/CMakeFiles/CMakeScratch/TryCompile-m1D4xW/src.c:5:16: [0m[0;1;31merror: [0m[1mcall to undeclared function 'isnanf'; ISO C99 and later do not support implicit function declarations [-Wimplicit-function-declaration][0m
    5 |         [0;34mreturn[0m isnanf(f);[0m
      | [0;1;32m               ^
[0m[1m/Users/jonathanporan/Documents/GitHub/MTA/Third Year/BAGEL_Football/cmake-build-debug/CMakeFiles/CMakeScratch/TryCompile-m1D4xW/src.c:5:16: [0m[0;1;36mnote: [0mdid you mean 'nanf'?[0m
[1m/Applications/Xcode.app/Contents/Developer/Platforms/MacOSX.platform/Developer/SDKs/MacOSX15.5.sdk/usr/include/math.h:521:14: [0m[0;1;36mnote: [0m'nanf' declared here[0m
  521 | [0;34mextern[0m [0;34mfloat[0m nanf([0;34mconst[0m [0;34mchar[0m *);[0m
      | [0;1;32m             ^
[0m1 error generated.
make[1]: *** [CMakeFiles/cmTC_bd201.dir/src.c.o] Error 1
make: *** [cmTC_bd201/fast] Error 2


Source file was:

      #include <math.h>
      int main() {
        float f = 3.14159f;
        return isnanf(f);
      }
    

Determining if the fdatasync exist failed with the following output:
Change Dir: /Users/jonathanporan/Documents/GitHub/MTA/Third Year/BAGEL_Football/cmake-build-debug/CMakeFiles/CMakeScratch/TryCompile-CHXvbT

Run Build Command(s):/usr/bin/make -f Makefile cmTC_060a7/fast && /Applications/Xcode.app/Contents/Developer/usr/bin/make  -f CMakeFiles/cmTC_060a7.dir/build.make CMakeFiles/cmTC_060a7.dir/build
Building C object CMakeFiles/cmTC_060a7.dir/CheckSymbolExists.c.o
/Applications/Xcode.app/Contents/Developer/Toolchains/XcodeDefault.xctoolchain/usr/bin/cc   -D_GNU_SOURCE=1 -arch arm64 -isysroot /Applications/Xcode.app/Contents/Developer/Platforms/MacOSX.platform/Developer/SDKs/MacOSX15.5.sdk -fcolor-diagnostics -MD -MT CMakeFiles/cmTC_060a7.dir/CheckSymbolExists.c.o -MF CMakeFiles/cmTC_060a7.dir/CheckSymbolExists.c.o.d -o CMakeFiles/cmTC_060a7.dir/CheckSymbolExists.c.o -c "/Users/jonathanporan/Documents/GitHub/MTA/Third Year/BAGEL_Football/cmake-build-debug/CMakeFiles/CMakeScratch/TryCompile-CHXvbT/CheckSymbolExists.c"
[1m/Users/jonathanporan/Documents/GitHub/MTA/Third Year/BAGEL_Football/cmake-build-debug/CMakeFiles/CMakeScratch/TryCompile-CHXvbT/CheckSymbolExists.c:8:19: [0m[0;1;31merror: [0m[1muse of undeclared identifier 'fdatasync'[0m
    8 |   [0;34mreturn[0m (([0;34mint[0m*)(&fdatasync))[argc];[0m
      | [0;1;32m                  ^
[0m1 error generated.
make[1]: *** [CMakeFiles/cmTC_060a7.dir/CheckSymbolExists.c.o] Error 1
make: *** [cmTC_060a7/fast] Error 2


File CheckSymbolExists.c:
/* */
#include <unistd.h>

int main(int argc, char** argv)
{
  (void)argv;
#ifndef fdatasync
  return ((int*)(&fdatasync))[argc];
#else
  (void)argc;
  return 0;
#endif
}

Determining if the getauxval exist failed with the following output:
Change Dir: /Users/jonathanporan/Documents/GitHub/MTA/Third Year/BAGEL_Football/cmake-build-debug/CMakeFiles/CMakeScratch/TryCompile-h2nm1L

Run Build Command(s):/usr/bin/make -f Makefile cmTC_f60e7/fast && /Applications/Xcode.app/Contents/Developer/usr/bin/make  -f CMakeFiles/cmTC_f60e7.dir/build.make CMakeFiles/cmTC_f60e7.dir/build
Building C object CMakeFiles/cmTC_f60e7.dir/CheckSymbolExists.c.o
/Applications/Xcode.app/Contents/Developer/Toolchains/XcodeDefault.xctoolchain/usr/bin/cc   -D_GNU_SOURCE=1 -arch arm64 -isysroot /Applications/Xcode.app/Contents/Developer/Platforms/MacOSX.platform/Developer/SDKs/MacOSX15.5.sdk -fcolor-diagnostics -MD -MT CMakeFiles/cmTC_f60e7.dir/CheckSymbolExists.c.o -MF CMakeFiles/cmTC_f60e7.dir/CheckSymbolExists.c.o.d -o CMakeFiles/cmTC_f60e7.dir/CheckSymbolExists.c.o -c "/Users/jonathanporan/Documents/GitHub/MTA/Third Year/BAGEL_Football/cmake-build-debug/CMakeFiles/CMakeScratch/TryCompile-h2nm1L/CheckSymbolExists.c"
[1m/Users/jonathanporan/Documents/GitHub/MTA/Third Year/BAGEL_Football/cmake-build-debug/CMakeFiles/CMakeScratch/TryCompile-h2nm1L/CheckSymbolExists.c:2:10: [0m[0;1;31mfatal error: [0m[1m'sys/auxv.h' file not found[0m
    2 | #include <sys/auxv.h>[0m
      | [0;1;32m         ^~~~~~~~~~~~
[0m1 error generated.
make[1]: *** [CMakeFiles/cmTC_f60e7.dir/CheckSymbolExists.c.o] Error 1
make: *** [cmTC_f60e7/fast] Error 2


File CheckSymbolExists.c:
/* */
#include <sys/auxv.h>

int main(int argc, char** argv)
{
  (void)argv;
#ifndef getauxval
  return ((int*)(&getauxval))[argc];
#else
  (void)argc;
  return 0;
#endif
}

Determining if the elf_aux_info exist failed with the following output:
Change Dir: /Users/jonathanporan/Documents/GitHub/MTA/Third Year/BAGEL_Football/cmake-build-debug/CMakeFiles/CMakeScratch/TryCompile-jyCnam

Run Build Command(s):/usr/bin/make -f Makefile cmTC_84ec7/fast && /Applications/Xcode.app/Contents/Developer/usr/bin/make  -f CMakeFiles/cmTC_84ec7.dir/build.make CMakeFiles/cmTC_84ec7.dir/build
Building C object CMakeFiles/cmTC_84ec7.dir/CheckSymbolExists.c.o
/Applications/Xcode.app/Contents/Developer/Toolchains/XcodeDefault.xctoolchain/usr/bin/cc   -D_GNU_SOURCE=1 -arch arm64 -isysroot /Applications/Xcode.app/Contents/Developer/Platforms/MacOSX.platform/Developer/SDKs/MacOSX15.5.sdk -fcolor-diagnostics -MD -MT CMakeFiles/cmTC_84ec7.dir/CheckSymbolExists.c.o -MF CMakeFiles/cmTC_84ec7.dir/CheckSymbolExists.c.o.d -o CMakeFiles/cmTC_84ec7.dir/CheckSymbolExists.c.o -c "/Users/jonathanporan/Documents/GitHub/MTA/Third Year/BAGEL_Football/cmake-build-debug/CMakeFiles/CMakeScratch/TryCompile-jyCnam/CheckSymbolExists.c"
[1m/Users/jonathanporan/Documents/GitHub/MTA/Third Year/BAGEL_Football/cmake-build-debug/CMakeFiles/CMakeScratch/TryCompile-jyCnam/CheckSymbolExists.c:2:10: [0m[0;1;31mfatal error: [0m[1m'sys/auxv.h' file not found[0m
    2 | #include <sys/auxv.h>[0m
      | [0;1;32m         ^~~~~~~~~~~~
[0m1 error generated.
make[1]: *** [CMakeFiles/cmTC_84ec7.dir/CheckSymbolExists.c.o] Error 1
make: *** [cmTC_84ec7/fast] Error 2


File CheckSymbolExists.c:
/* */
#include <sys/auxv.h>

int main(int argc, char** argv)
{
  (void)argv;
#ifndef elf_aux_info
  return ((int*)(&elf_aux_info))[argc];
#else
  (void)argc;
  return 0;
#endif
}

Determining if the memfd_create exist failed with the following output:
Change Dir: /Users/jonathanporan/Documents/GitHub/MTA/Third Year/BAGEL_Football/cmake-build-debug/CMakeFiles/CMakeScratch/TryCompile-7oFX4i

Run Build Command(s):/usr/bin/make -f Makefile cmTC_1866e/fast && /Applications/Xcode.app/Contents/Developer/usr/bin/make  -f CMakeFiles/cmTC_1866e.dir/build.make CMakeFiles/cmTC_1866e.dir/build
Building C object CMakeFiles/cmTC_1866e.dir/CheckSymbolExists.c.o
/Applications/Xcode.app/Contents/Developer/Toolchains/XcodeDefault.xctoolchain/usr/bin/cc   -D_GNU_SOURCE=1 -arch arm64 -isysroot /Applications/Xcode.app/Contents/Developer/Platforms/MacOSX.platform/Developer/SDKs/MacOSX15.5.sdk -fcolor-diagnostics -MD -MT CMakeFiles/cmTC_1866e.dir/CheckSymbolExists.c.o -MF CMakeFiles/cmTC_1866e.dir/CheckSymbolExists.c.o.d -o CMakeFiles/cmTC_1866e.dir/CheckSymbolExists.c.o -c "/Users/jonathanporan/Documents/GitHub/MTA/Third Year/BAGEL_Football/cmake-build-debug/CMakeFiles/CMakeScratch/TryCompile-7oFX4i/CheckSymbolExists.c"
[1m/Users/jonathanporan/Documents/GitHub/MTA/Third Year/BAGEL_Football/cmake-build-debug/CMakeFiles/CMakeScratch/TryCompile-7oFX4i/CheckSymbolExists.c:8:19: [0m[0;1;31merror: [0m[1muse of undeclared identifier 'memfd_create'[0m
    8 |   [0;34mreturn[0m (([0;34mint[0m*)(&memfd_create))[argc];[0m
      | [0;1;32m                  ^
[0m1 error generated.
make[1]: *** [CMakeFiles/cmTC_1866e.dir/CheckSymbolExists.c.o] Error 1
make: *** [cmTC_1866e/fast] Error 2


File CheckSymbolExists.c:
/* */
#include <sys/mman.h>

int main(int argc, char** argv)
{
  (void)argv;
#ifndef memfd_create
  return ((int*)(&memfd_create))[argc];
#else
  (void)argc;
  return 0;
#endif
}

Determining if the posix_fallocate exist failed with the following output:
Change Dir: /Users/jonathanporan/Documents/GitHub/MTA/Third Year/BAGEL_Football/cmake-build-debug/CMakeFiles/CMakeScratch/TryCompile-DXBaZt

Run Build Command(s):/usr/bin/make -f Makefile cmTC_5c1fe/fast && /Applications/Xcode.app/Contents/Developer/usr/bin/make  -f CMakeFiles/cmTC_5c1fe.dir/build.make CMakeFiles/cmTC_5c1fe.dir/build
Building C object CMakeFiles/cmTC_5c1fe.dir/CheckSymbolExists.c.o
/Applications/Xcode.app/Contents/Developer/Toolchains/XcodeDefault.xctoolchain/usr/bin/cc   -D_GNU_SOURCE=1 -arch arm64 -isysroot /Applications/Xcode.app/Contents/Developer/Platforms/MacOSX.platform/Developer/SDKs/MacOSX15.5.sdk -fcolor-diagnostics -MD -MT CMakeFiles/cmTC_5c1fe.dir/CheckSymbolExists.c.o -MF CMakeFiles/cmTC_5c1fe.dir/CheckSymbolExists.c.o.d -o CMakeFiles/cmTC_5c1fe.dir/CheckSymbolExists.c.o -c "/Users/jonathanporan/Documents/GitHub/MTA/Third Year/BAGEL_Football/cmake-build-debug/CMakeFiles/CMakeScratch/TryCompile-DXBaZt/CheckSymbolExists.c"
[1m/Users/jonathanporan/Documents/GitHub/MTA/Third Year/BAGEL_Football/cmake-build-debug/CMakeFiles/CMakeScratch/TryCompile-DXBaZt/CheckSymbolExists.c:8:19: [0m[0;1;31merror: [0m[1muse of undeclared identifier 'posix_fallocate'[0m
    8 |   [0;34mreturn[0m (([0;34mint[0m*)(&posix_fallocate))[argc];[0m
      | [0;1;32m                  ^
[0m1 error generated.
make[1]: *** [CMakeFiles/cmTC_5c1fe.dir/CheckSymbolExists.c.o] Error 1
make: *** [cmTC_5c1fe/fast] Error 2


File CheckSymbolExists.c:
/* */
#include <fcntl.h>

int main(int argc, char** argv)
{
  (void)argv;
#ifndef posix_fallocate
  return ((int*)(&posix_fallocate))[argc];
#else
  (void)argc;
  return 0;
#endif
}

Determining if the posix_spawn_file_actions_addchdir exist failed with the following output:
Change Dir: /Users/jonathanporan/Documents/GitHub/MTA/Third Year/BAGEL_Football/cmake-build-debug/CMakeFiles/CMakeScratch/TryCompile-sBR7xS

Run Build Command(s):/usr/bin/make -f Makefile cmTC_6fe6e/fast && /Applications/Xcode.app/Contents/Developer/usr/bin/make  -f CMakeFiles/cmTC_6fe6e.dir/build.make CMakeFiles/cmTC_6fe6e.dir/build
Building C object CMakeFiles/cmTC_6fe6e.dir/CheckSymbolExists.c.o
/Applications/Xcode.app/Contents/Developer/Toolchains/XcodeDefault.xctoolchain/usr/bin/cc   -D_GNU_SOURCE=1 -arch arm64 -isysroot /Applications/Xcode.app/Contents/Developer/Platforms/MacOSX.platform/Developer/SDKs/MacOSX15.5.sdk -fcolor-diagnostics -MD -MT CMakeFiles/cmTC_6fe6e.dir/CheckSymbolExists.c.o -MF CMakeFiles/cmTC_6fe6e.dir/CheckSymbolExists.c.o.d -o CMakeFiles/cmTC_6fe6e.dir/CheckSymbolExists.c.o -c "/Users/jonathanporan/Documents/GitHub/MTA/Third Year/BAGEL_Football/cmake-build-debug/CMakeFiles/CMakeScratch/TryCompile-sBR7xS/CheckSymbolExists.c"
[1m/Users/jonathanporan/Documents/GitHub/MTA/Third Year/BAGEL_Football/cmake-build-debug/CMakeFiles/CMakeScratch/TryCompile-sBR7xS/CheckSymbolExists.c:8:19: [0m[0;1;31merror: [0m[1muse of undeclared identifier 'posix_spawn_file_actions_addchdir'; did you mean 'posix_spawn_file_actions_addchdir_np'?[0m
    8 |   [0;34mreturn[0m (([0;34mint[0m*)(&posix_spawn_file_actions_addchdir))[argc];[0m
      | [0;1;32m                  ^~~~~~~~~~~~~~~~~~~~~~~~~~~~~~~~~
[0m      | [0;32m                  posix_spawn_file_actions_addchdir_np
[0m[1m/Applications/Xcode.app/Contents/Developer/Platforms/MacOSX.platform/Developer/SDKs/MacOSX15.5.sdk/usr/include/spawn.h:176:9: [0m[0;1;36mnote: [0m'posix_spawn_file_actions_addchdir_np' declared here[0m
  176 | [0;34mint[0m     posix_spawn_file_actions_addchdir_np(posix_spawn_file_actions_t *,[0m
      | [0;1;32m        ^
[0m1 error generated.
make[1]: *** [CMakeFiles/cmTC_6fe6e.dir/CheckSymbolExists.c.o] Error 1
make: *** [cmTC_6fe6e/fast] Error 2


File CheckSymbolExists.c:
/* */
#include <spawn.h>

int main(int argc, char** argv)
{
  (void)argv;
#ifndef posix_spawn_file_actions_addchdir
  return ((int*)(&posix_spawn_file_actions_addchdir))[argc];
#else
  (void)argc;
  return 0;
#endif
}

Performing C SOURCE FILE Test HAVE_ST_MTIM failed with the following output:
Change Dir: /Users/jonathanporan/Documents/GitHub/MTA/Third Year/BAGEL_Football/cmake-build-debug/CMakeFiles/CMakeScratch/TryCompile-07hbkI

Run Build Command(s):/usr/bin/make -f Makefile cmTC_45ad8/fast && /Applications/Xcode.app/Contents/Developer/usr/bin/make  -f CMakeFiles/cmTC_45ad8.dir/build.make CMakeFiles/cmTC_45ad8.dir/build
Building C object CMakeFiles/cmTC_45ad8.dir/src.c.o
/Applications/Xcode.app/Contents/Developer/Toolchains/XcodeDefault.xctoolchain/usr/bin/cc -DHAVE_ST_MTIM  -D_GNU_SOURCE=1 -arch arm64 -isysroot /Applications/Xcode.app/Contents/Developer/Platforms/MacOSX.platform/Developer/SDKs/MacOSX15.5.sdk -fcolor-diagnostics -MD -MT CMakeFiles/cmTC_45ad8.dir/src.c.o -MF CMakeFiles/cmTC_45ad8.dir/src.c.o.d -o CMakeFiles/cmTC_45ad8.dir/src.c.o -c "/Users/jonathanporan/Documents/GitHub/MTA/Third Year/BAGEL_Football/cmake-build-debug/CMakeFiles/CMakeScratch/TryCompile-07hbkI/src.c"
[1m/Users/jonathanporan/Documents/GitHub/MTA/Third Year/BAGEL_Football/cmake-build-debug/CMakeFiles/CMakeScratch/TryCompile-07hbkI/src.c:6:36: [0m[0;1;31merror: [0m[1mno member named 'st_mtim' in 'struct stat'[0m
    6 |   ([0;34mvoid[0m)[0;34msizeof[0m((([0;34mstruct[0m stat *)[0;32m0[0m)->st_mtim);[0m
      | [0;1;32m               ~~~~~~~~~~~~~~~~~~  ^
[0m1 error generated.
make[1]: *** [CMakeFiles/cmTC_45ad8.dir/src.c.o] Error 1
make: *** [cmTC_45ad8/fast] Error 2


Source file was:

#include <sys/stat.h>

int main()
{
  (void)sizeof(((struct stat *)0)->st_mtim);
  return 0;
}


Performing C SOURCE FILE Test COMPILER_HAS_SEM_TIMEDWAIT failed with the following output:
Change Dir: /Users/jonathanporan/Documents/GitHub/MTA/Third Year/BAGEL_Football/cmake-build-debug/CMakeFiles/CMakeScratch/TryCompile-WUH67J

Run Build Command(s):/usr/bin/make -f Makefile cmTC_abb2b/fast && /Applications/Xcode.app/Contents/Developer/usr/bin/make  -f CMakeFiles/cmTC_abb2b.dir/build.make CMakeFiles/cmTC_abb2b.dir/build
Building C object CMakeFiles/cmTC_abb2b.dir/src.c.o
/Applications/Xcode.app/Contents/Developer/Toolchains/XcodeDefault.xctoolchain/usr/bin/cc -DCOMPILER_HAS_SEM_TIMEDWAIT  -D_GNU_SOURCE=1 -D_REENTRANT -lpthread -arch arm64 -isysroot /Applications/Xcode.app/Contents/Developer/Platforms/MacOSX.platform/Developer/SDKs/MacOSX15.5.sdk -fcolor-diagnostics -MD -MT CMakeFiles/cmTC_abb2b.dir/src.c.o -MF CMakeFiles/cmTC_abb2b.dir/src.c.o.d -o CMakeFiles/cmTC_abb2b.dir/src.c.o -c "/Users/jonathanporan/Documents/GitHub/MTA/Third Year/BAGEL_Football/cmake-build-debug/CMakeFiles/CMakeScratch/TryCompile-WUH67J/src.c"
cc: [0;1;35mwarning: [0m[1m-lpthread: 'linker' input unused [-Wunused-command-line-argument][0m
[1m/Users/jonathanporan/Documents/GitHub/MTA/Third Year/BAGEL_Football/cmake-build-debug/CMakeFiles/CMakeScratch/TryCompile-WUH67J/src.c:5:19: [0m[0;1;31merror: [0m[1mcall to undeclared function 'sem_timedwait'; ISO C99 and later do not support implicit function declarations [-Wimplicit-function-declaration][0m
    5 |                   sem_timedwait(NULL, NULL);[0m
      | [0;1;32m                  ^
[0m[1m/Users/jonathanporan/Documents/GitHub/MTA/Third Year/BAGEL_Football/cmake-build-debug/CMakeFiles/CMakeScratch/TryCompile-WUH67J/src.c:5:19: [0m[0;1;36mnote: [0mdid you mean 'sem_trywait'?[0m
[1m/Applications/Xcode.app/Contents/Developer/Platforms/MacOSX.platform/Developer/SDKs/MacOSX15.5.sdk/usr/include/sys/semaphore.h:58:5: [0m[0;1;36mnote: [0m'sem_trywait' declared here[0m
   58 | [0;34mint[0m sem_trywait(sem_t *);[0m
      | [0;1;32m    ^
[0m1 error generated.
make[1]: *** [CMakeFiles/cmTC_abb2b.dir/src.c.o] Error 1
make: *** [cmTC_abb2b/fast] Error 2


Source file was:

              #include <pthread.h>
              #include <semaphore.h>
              int main(int argc, char **argv) {
                  sem_timedwait(NULL, NULL);
                  return 0;
              }

Determining if the include file pthread_np.h exists failed with the following output:
Change Dir: /Users/jonathanporan/Documents/GitHub/MTA/Third Year/BAGEL_Football/cmake-build-debug/CMakeFiles/CMakeScratch/TryCompile-iWRzDq

Run Build Command(s):/usr/bin/make -f Makefile cmTC_8a404/fast && /Applications/Xcode.app/Contents/Developer/usr/bin/make  -f CMakeFiles/cmTC_8a404.dir/build.make CMakeFiles/cmTC_8a404.dir/build
Building C object CMakeFiles/cmTC_8a404.dir/CheckIncludeFile.c.o
/Applications/Xcode.app/Contents/Developer/Toolchains/XcodeDefault.xctoolchain/usr/bin/cc   -D_GNU_SOURCE=1 -D_REENTRANT -lpthread -arch arm64 -isysroot /Applications/Xcode.app/Contents/Developer/Platforms/MacOSX.platform/Developer/SDKs/MacOSX15.5.sdk -fcolor-diagnostics -MD -MT CMakeFiles/cmTC_8a404.dir/CheckIncludeFile.c.o -MF CMakeFiles/cmTC_8a404.dir/CheckIncludeFile.c.o.d -o CMakeFiles/cmTC_8a404.dir/CheckIncludeFile.c.o -c "/Users/jonathanporan/Documents/GitHub/MTA/Third Year/BAGEL_Football/cmake-build-debug/CMakeFiles/CMakeScratch/TryCompile-iWRzDq/CheckIncludeFile.c"
cc: [0;1;35mwarning: [0m[1m-lpthread: 'linker' input unused [-Wunused-command-line-argument][0m
[1m/Users/jonathanporan/Documents/GitHub/MTA/Third Year/BAGEL_Football/cmake-build-debug/CMakeFiles/CMakeScratch/TryCompile-iWRzDq/CheckIncludeFile.c:1:10: [0m[0;1;31mfatal error: [0m[1m'pthread_np.h' file not found[0m
    1 | #include <pthread_np.h>[0m
      | [0;1;32m         ^~~~~~~~~~~~~~
[0m1 error generated.
make[1]: *** [CMakeFiles/cmTC_8a404.dir/CheckIncludeFile.c.o] Error 1
make: *** [cmTC_8a404/fast] Error 2



